1736458893.394817 client started (3409346): version 3.4, socket /tmp/tmux-208764/default, protocol 8
1736458893.394849 on Linux 6.8.0-47-generic #47-Ubuntu SMP PREEMPT_DYNAMIC Fri Sep 27 21:40:26 UTC 2024
1736458893.394853 using libevent 2.1.12-stable poll
1736458893.394855 using ncurses 6.4 20240113
1736458893.394881 flags are 0x18010000
1736458893.394927 socket is /tmp/tmux-208764/default
1736458893.394940 trying connect
1736458893.394954 connect failed: Connection refused
1736458893.394961 lock file is /tmp/tmux-208764/default.lock
1736458893.394991 flock succeeded
1736458893.394994 got lock (6)
1736458893.395000 trying connect
1736458893.395007 connect failed: Connection refused
1736458893.395348 add peer 0x632616cc1520: 7 ((nil))
1736458893.395847 sending message 100 to peer 0x632616cc1520 (4 bytes)
1736458893.395853 sending message 111 to peer 0x632616cc1520 (8 bytes)
1736458893.395856 sending message 101 to peer 0x632616cc1520 (15 bytes)
1736458893.395859 sending message 109 to peer 0x632616cc1520 (4 bytes)
1736458893.395862 sending message 102 to peer 0x632616cc1520 (11 bytes)
1736458893.395865 sending message 108 to peer 0x632616cc1520 (44 bytes)
1736458893.395867 sending message 112 to peer 0x632616cc1520 (58 bytes)
1736458893.395870 sending message 112 to peer 0x632616cc1520 (5 bytes)
1736458893.395873 sending message 112 to peer 0x632616cc1520 (5 bytes)
1736458893.395876 sending message 112 to peer 0x632616cc1520 (6 bytes)
1736458893.395879 sending message 112 to peer 0x632616cc1520 (6 bytes)
1736458893.395881 sending message 112 to peer 0x632616cc1520 (11 bytes)
1736458893.395884 sending message 112 to peer 0x632616cc1520 (10 bytes)
1736458893.395887 sending message 112 to peer 0x632616cc1520 (13 bytes)
1736458893.395890 sending message 112 to peer 0x632616cc1520 (14 bytes)
1736458893.395892 sending message 112 to peer 0x632616cc1520 (19 bytes)
1736458893.395921 sending message 112 to peer 0x632616cc1520 (11 bytes)
1736458893.395928 sending message 112 to peer 0x632616cc1520 (10 bytes)
1736458893.395931 sending message 112 to peer 0x632616cc1520 (15 bytes)
1736458893.395934 sending message 112 to peer 0x632616cc1520 (21 bytes)
1736458893.395937 sending message 112 to peer 0x632616cc1520 (13 bytes)
1736458893.395939 sending message 112 to peer 0x632616cc1520 (7 bytes)
1736458893.395942 sending message 112 to peer 0x632616cc1520 (13 bytes)
1736458893.395945 sending message 112 to peer 0x632616cc1520 (7 bytes)
1736458893.395947 sending message 112 to peer 0x632616cc1520 (13 bytes)
1736458893.395950 sending message 112 to peer 0x632616cc1520 (9 bytes)
1736458893.395953 sending message 112 to peer 0x632616cc1520 (21 bytes)
1736458893.395955 sending message 112 to peer 0x632616cc1520 (13 bytes)
1736458893.395958 sending message 112 to peer 0x632616cc1520 (9 bytes)
1736458893.395961 sending message 112 to peer 0x632616cc1520 (16 bytes)
1736458893.395964 sending message 112 to peer 0x632616cc1520 (13 bytes)
1736458893.395966 sending message 112 to peer 0x632616cc1520 (9 bytes)
1736458893.395969 sending message 112 to peer 0x632616cc1520 (9 bytes)
1736458893.395972 sending message 112 to peer 0x632616cc1520 (12 bytes)
1736458893.395975 sending message 112 to peer 0x632616cc1520 (8 bytes)
1736458893.395977 sending message 112 to peer 0x632616cc1520 (8 bytes)
1736458893.395980 sending message 112 to peer 0x632616cc1520 (13 bytes)
1736458893.395983 sending message 112 to peer 0x632616cc1520 (7 bytes)
1736458893.395986 sending message 112 to peer 0x632616cc1520 (7 bytes)
1736458893.395988 sending message 112 to peer 0x632616cc1520 (9 bytes)
1736458893.395991 sending message 112 to peer 0x632616cc1520 (9 bytes)
1736458893.395994 sending message 112 to peer 0x632616cc1520 (15 bytes)
1736458893.395996 sending message 112 to peer 0x632616cc1520 (13 bytes)
1736458893.395999 sending message 112 to peer 0x632616cc1520 (12 bytes)
1736458893.396002 sending message 112 to peer 0x632616cc1520 (8 bytes)
1736458893.396005 sending message 112 to peer 0x632616cc1520 (14 bytes)
1736458893.396007 sending message 112 to peer 0x632616cc1520 (11 bytes)
1736458893.396019 sending message 112 to peer 0x632616cc1520 (9 bytes)
1736458893.396022 sending message 112 to peer 0x632616cc1520 (10 bytes)
1736458893.396025 sending message 112 to peer 0x632616cc1520 (10 bytes)
1736458893.396027 sending message 112 to peer 0x632616cc1520 (10 bytes)
1736458893.396030 sending message 112 to peer 0x632616cc1520 (10 bytes)
1736458893.396033 sending message 112 to peer 0x632616cc1520 (11 bytes)
1736458893.396035 sending message 112 to peer 0x632616cc1520 (12 bytes)
1736458893.396038 sending message 112 to peer 0x632616cc1520 (12 bytes)
1736458893.396041 sending message 112 to peer 0x632616cc1520 (12 bytes)
1736458893.396044 sending message 112 to peer 0x632616cc1520 (12 bytes)
1736458893.396046 sending message 112 to peer 0x632616cc1520 (12 bytes)
1736458893.396049 sending message 112 to peer 0x632616cc1520 (11 bytes)
1736458893.396052 sending message 112 to peer 0x632616cc1520 (11 bytes)
1736458893.396054 sending message 112 to peer 0x632616cc1520 (12 bytes)
1736458893.396057 sending message 112 to peer 0x632616cc1520 (12 bytes)
1736458893.396060 sending message 112 to peer 0x632616cc1520 (12 bytes)
1736458893.396063 sending message 112 to peer 0x632616cc1520 (12 bytes)
1736458893.396065 sending message 112 to peer 0x632616cc1520 (12 bytes)
1736458893.396068 sending message 112 to peer 0x632616cc1520 (9 bytes)
1736458893.396071 sending message 112 to peer 0x632616cc1520 (12 bytes)
1736458893.396074 sending message 112 to peer 0x632616cc1520 (13 bytes)
1736458893.396076 sending message 112 to peer 0x632616cc1520 (13 bytes)
1736458893.396079 sending message 112 to peer 0x632616cc1520 (13 bytes)
1736458893.396082 sending message 112 to peer 0x632616cc1520 (13 bytes)
1736458893.396084 sending message 112 to peer 0x632616cc1520 (13 bytes)
1736458893.396087 sending message 112 to peer 0x632616cc1520 (8 bytes)
1736458893.396090 sending message 112 to peer 0x632616cc1520 (11 bytes)
1736458893.396092 sending message 112 to peer 0x632616cc1520 (11 bytes)
1736458893.396095 sending message 112 to peer 0x632616cc1520 (11 bytes)
1736458893.396098 sending message 112 to peer 0x632616cc1520 (12 bytes)
1736458893.396100 sending message 112 to peer 0x632616cc1520 (12 bytes)
1736458893.396103 sending message 112 to peer 0x632616cc1520 (12 bytes)
1736458893.396106 sending message 112 to peer 0x632616cc1520 (12 bytes)
1736458893.396108 sending message 112 to peer 0x632616cc1520 (13 bytes)
1736458893.396111 sending message 112 to peer 0x632616cc1520 (13 bytes)
1736458893.396114 sending message 112 to peer 0x632616cc1520 (13 bytes)
1736458893.396117 sending message 112 to peer 0x632616cc1520 (8 bytes)
1736458893.396119 sending message 112 to peer 0x632616cc1520 (13 bytes)
1736458893.396122 sending message 112 to peer 0x632616cc1520 (13 bytes)
1736458893.396125 sending message 112 to peer 0x632616cc1520 (13 bytes)
1736458893.396128 sending message 112 to peer 0x632616cc1520 (13 bytes)
1736458893.396130 sending message 112 to peer 0x632616cc1520 (13 bytes)
1736458893.396133 sending message 112 to peer 0x632616cc1520 (12 bytes)
1736458893.396136 sending message 112 to peer 0x632616cc1520 (12 bytes)
1736458893.396139 sending message 112 to peer 0x632616cc1520 (12 bytes)
1736458893.396141 sending message 112 to peer 0x632616cc1520 (12 bytes)
1736458893.396144 sending message 112 to peer 0x632616cc1520 (13 bytes)
1736458893.396147 sending message 112 to peer 0x632616cc1520 (8 bytes)
1736458893.396149 sending message 112 to peer 0x632616cc1520 (13 bytes)
1736458893.396152 sending message 112 to peer 0x632616cc1520 (13 bytes)
1736458893.396155 sending message 112 to peer 0x632616cc1520 (13 bytes)
1736458893.396158 sending message 112 to peer 0x632616cc1520 (13 bytes)
1736458893.396160 sending message 112 to peer 0x632616cc1520 (13 bytes)
1736458893.396163 sending message 112 to peer 0x632616cc1520 (13 bytes)
1736458893.396166 sending message 112 to peer 0x632616cc1520 (13 bytes)
1736458893.396168 sending message 112 to peer 0x632616cc1520 (12 bytes)
1736458893.396171 sending message 112 to peer 0x632616cc1520 (12 bytes)
1736458893.396177 sending message 112 to peer 0x632616cc1520 (12 bytes)
1736458893.396180 sending message 112 to peer 0x632616cc1520 (8 bytes)
1736458893.396183 sending message 112 to peer 0x632616cc1520 (12 bytes)
1736458893.396185 sending message 112 to peer 0x632616cc1520 (13 bytes)
1736458893.396188 sending message 112 to peer 0x632616cc1520 (13 bytes)
1736458893.396191 sending message 112 to peer 0x632616cc1520 (13 bytes)
1736458893.396194 sending message 112 to peer 0x632616cc1520 (13 bytes)
1736458893.396196 sending message 112 to peer 0x632616cc1520 (13 bytes)
1736458893.396199 sending message 112 to peer 0x632616cc1520 (13 bytes)
1736458893.396202 sending message 112 to peer 0x632616cc1520 (13 bytes)
1736458893.396204 sending message 112 to peer 0x632616cc1520 (13 bytes)
1736458893.396207 sending message 112 to peer 0x632616cc1520 (12 bytes)
1736458893.396210 sending message 112 to peer 0x632616cc1520 (10 bytes)
1736458893.396212 sending message 112 to peer 0x632616cc1520 (12 bytes)
1736458893.396215 sending message 112 to peer 0x632616cc1520 (12 bytes)
1736458893.396218 sending message 112 to peer 0x632616cc1520 (12 bytes)
1736458893.396220 sending message 112 to peer 0x632616cc1520 (13 bytes)
1736458893.396223 sending message 112 to peer 0x632616cc1520 (13 bytes)
1736458893.396226 sending message 112 to peer 0x632616cc1520 (13 bytes)
1736458893.396228 sending message 112 to peer 0x632616cc1520 (13 bytes)
1736458893.396231 sending message 112 to peer 0x632616cc1520 (13 bytes)
1736458893.396234 sending message 112 to peer 0x632616cc1520 (13 bytes)
1736458893.396237 sending message 112 to peer 0x632616cc1520 (13 bytes)
1736458893.396239 sending message 112 to peer 0x632616cc1520 (10 bytes)
1736458893.396242 sending message 112 to peer 0x632616cc1520 (13 bytes)
1736458893.396245 sending message 112 to peer 0x632616cc1520 (12 bytes)
1736458893.396247 sending message 112 to peer 0x632616cc1520 (12 bytes)
1736458893.396250 sending message 112 to peer 0x632616cc1520 (12 bytes)
1736458893.396253 sending message 112 to peer 0x632616cc1520 (10 bytes)
1736458893.396255 sending message 112 to peer 0x632616cc1520 (10 bytes)
1736458893.396258 sending message 112 to peer 0x632616cc1520 (10 bytes)
1736458893.396261 sending message 112 to peer 0x632616cc1520 (12 bytes)
1736458893.396264 sending message 112 to peer 0x632616cc1520 (13 bytes)
1736458893.396266 sending message 112 to peer 0x632616cc1520 (13 bytes)
1736458893.396269 sending message 112 to peer 0x632616cc1520 (13 bytes)
1736458893.396272 sending message 112 to peer 0x632616cc1520 (13 bytes)
1736458893.396274 sending message 112 to peer 0x632616cc1520 (13 bytes)
1736458893.396277 sending message 112 to peer 0x632616cc1520 (10 bytes)
1736458893.396280 sending message 112 to peer 0x632616cc1520 (11 bytes)
1736458893.396282 sending message 112 to peer 0x632616cc1520 (12 bytes)
1736458893.396285 sending message 112 to peer 0x632616cc1520 (12 bytes)
1736458893.396288 sending message 112 to peer 0x632616cc1520 (12 bytes)
1736458893.396291 sending message 112 to peer 0x632616cc1520 (12 bytes)
1736458893.396293 sending message 112 to peer 0x632616cc1520 (12 bytes)
1736458893.396296 sending message 112 to peer 0x632616cc1520 (11 bytes)
1736458893.396299 sending message 112 to peer 0x632616cc1520 (12 bytes)
1736458893.396301 sending message 112 to peer 0x632616cc1520 (12 bytes)
1736458893.396304 sending message 112 to peer 0x632616cc1520 (13 bytes)
1736458893.396307 sending message 112 to peer 0x632616cc1520 (13 bytes)
1736458893.396310 sending message 112 to peer 0x632616cc1520 (13 bytes)
1736458893.396312 sending message 112 to peer 0x632616cc1520 (13 bytes)
1736458893.396315 sending message 112 to peer 0x632616cc1520 (13 bytes)
1736458893.396318 sending message 112 to peer 0x632616cc1520 (10 bytes)
1736458893.396321 sending message 112 to peer 0x632616cc1520 (9 bytes)
1736458893.396323 sending message 112 to peer 0x632616cc1520 (12 bytes)
1736458893.396326 sending message 112 to peer 0x632616cc1520 (13 bytes)
1736458893.396329 sending message 112 to peer 0x632616cc1520 (13 bytes)
1736458893.396334 sending message 112 to peer 0x632616cc1520 (13 bytes)
1736458893.396337 sending message 112 to peer 0x632616cc1520 (13 bytes)
1736458893.396340 sending message 112 to peer 0x632616cc1520 (13 bytes)
1736458893.396342 sending message 112 to peer 0x632616cc1520 (9 bytes)
1736458893.396345 sending message 112 to peer 0x632616cc1520 (12 bytes)
1736458893.396348 sending message 112 to peer 0x632616cc1520 (13 bytes)
1736458893.396351 sending message 112 to peer 0x632616cc1520 (13 bytes)
1736458893.396353 sending message 112 to peer 0x632616cc1520 (13 bytes)
1736458893.396356 sending message 112 to peer 0x632616cc1520 (13 bytes)
1736458893.396359 sending message 112 to peer 0x632616cc1520 (13 bytes)
1736458893.396361 sending message 112 to peer 0x632616cc1520 (11 bytes)
1736458893.396364 sending message 112 to peer 0x632616cc1520 (12 bytes)
1736458893.396367 sending message 112 to peer 0x632616cc1520 (13 bytes)
1736458893.396370 sending message 112 to peer 0x632616cc1520 (13 bytes)
1736458893.396372 sending message 112 to peer 0x632616cc1520 (13 bytes)
1736458893.396375 sending message 112 to peer 0x632616cc1520 (13 bytes)
1736458893.396378 sending message 112 to peer 0x632616cc1520 (13 bytes)
1736458893.396380 sending message 112 to peer 0x632616cc1520 (11 bytes)
1736458893.396383 sending message 112 to peer 0x632616cc1520 (12 bytes)
1736458893.396386 sending message 112 to peer 0x632616cc1520 (12 bytes)
1736458893.396389 sending message 112 to peer 0x632616cc1520 (12 bytes)
1736458893.396391 sending message 112 to peer 0x632616cc1520 (12 bytes)
1736458893.396394 sending message 112 to peer 0x632616cc1520 (12 bytes)
1736458893.396397 sending message 112 to peer 0x632616cc1520 (21 bytes)
1736458893.396400 sending message 112 to peer 0x632616cc1520 (12 bytes)
1736458893.396402 sending message 112 to peer 0x632616cc1520 (9 bytes)
1736458893.396405 sending message 112 to peer 0x632616cc1520 (6 bytes)
1736458893.396408 sending message 112 to peer 0x632616cc1520 (13 bytes)
1736458893.396411 sending message 112 to peer 0x632616cc1520 (10 bytes)
1736458893.396414 sending message 112 to peer 0x632616cc1520 (24 bytes)
1736458893.396417 sending message 112 to peer 0x632616cc1520 (13 bytes)
1736458893.396419 sending message 112 to peer 0x632616cc1520 (9 bytes)
1736458893.396422 sending message 112 to peer 0x632616cc1520 (70 bytes)
1736458893.396425 sending message 112 to peer 0x632616cc1520 (69 bytes)
1736458893.396428 sending message 112 to peer 0x632616cc1520 (12 bytes)
1736458893.396430 sending message 112 to peer 0x632616cc1520 (10 bytes)
1736458893.396433 sending message 112 to peer 0x632616cc1520 (10 bytes)
1736458893.396436 sending message 112 to peer 0x632616cc1520 (24 bytes)
1736458893.396439 sending message 112 to peer 0x632616cc1520 (13 bytes)
1736458893.396441 sending message 112 to peer 0x632616cc1520 (10 bytes)
1736458893.396444 sending message 112 to peer 0x632616cc1520 (10 bytes)
1736458893.396447 sending message 112 to peer 0x632616cc1520 (10 bytes)
1736458893.396450 sending message 112 to peer 0x632616cc1520 (13 bytes)
1736458893.396453 sending message 112 to peer 0x632616cc1520 (15 bytes)
1736458893.396456 sending message 112 to peer 0x632616cc1520 (5 bytes)
1736458893.396460 sending message 104 to peer 0x632616cc1520 (0 bytes)
1736458893.396464 sending message 110 to peer 0x632616cc1520 (0 bytes)
1736458893.396468 sending message 107 to peer 0x632616cc1520 (4 bytes)
1736458893.396471 sending message 105 to peer 0x632616cc1520 (16 bytes)
1736458893.396474 sending message 105 to peer 0x632616cc1520 (48 bytes)
1736458893.396477 sending message 105 to peer 0x632616cc1520 (17 bytes)
1736458893.396480 sending message 105 to peer 0x632616cc1520 (21 bytes)
1736458893.396482 sending message 105 to peer 0x632616cc1520 (20 bytes)
1736458893.396485 sending message 105 to peer 0x632616cc1520 (17 bytes)
1736458893.396489 sending message 105 to peer 0x632616cc1520 (1817 bytes)
1736458893.396500 sending message 105 to peer 0x632616cc1520 (35 bytes)
1736458893.396503 sending message 105 to peer 0x632616cc1520 (52 bytes)
1736458893.396508 sending message 105 to peer 0x632616cc1520 (34 bytes)
1736458893.396511 sending message 105 to peer 0x632616cc1520 (23 bytes)
1736458893.396514 sending message 105 to peer 0x632616cc1520 (20 bytes)
1736458893.396517 sending message 105 to peer 0x632616cc1520 (32 bytes)
1736458893.396520 sending message 105 to peer 0x632616cc1520 (14 bytes)
1736458893.396523 sending message 105 to peer 0x632616cc1520 (8 bytes)
1736458893.396525 sending message 105 to peer 0x632616cc1520 (21 bytes)
1736458893.396528 sending message 105 to peer 0x632616cc1520 (33 bytes)
1736458893.396531 sending message 105 to peer 0x632616cc1520 (134 bytes)
1736458893.396534 sending message 105 to peer 0x632616cc1520 (35 bytes)
1736458893.396537 sending message 105 to peer 0x632616cc1520 (65 bytes)
1736458893.396540 sending message 105 to peer 0x632616cc1520 (131 bytes)
1736458893.396543 sending message 105 to peer 0x632616cc1520 (56 bytes)
1736458893.396545 sending message 105 to peer 0x632616cc1520 (19 bytes)
1736458893.396548 sending message 105 to peer 0x632616cc1520 (56 bytes)
1736458893.396551 sending message 105 to peer 0x632616cc1520 (16 bytes)
1736458893.396554 sending message 106 to peer 0x632616cc1520 (0 bytes)
1736458893.396603 sending message 200 to peer 0x632616cc1520 (4 bytes)
1736458893.396606 client loop enter
1736458893.396623 client_signal: Child exited
1736458893.456100 peer 0x632616cc1520 message 207
1736458893.456112 sending message 208 to peer 0x632616cc1520 (0 bytes)
1736458896.283544 peer 0x632616cc1520 message 203
1736458896.283555 sending message 205 to peer 0x632616cc1520 (0 bytes)
1736458896.283840 peer 0x632616cc1520 message 204
1736458896.283844 client loop exit
